<?xml version="1.0" encoding="UTF-8"?>
<testng-results ignored="0" total="2" passed="2" failed="0" skipped="0">
  <reporter-output>
  </reporter-output>
  <suite started-at="2024-11-08T22:27:33 EET" name="Default Suite" finished-at="2024-11-08T22:27:40 EET" duration-ms="7335">
    <groups>
    </groups>
    <test started-at="2024-11-08T22:27:33 EET" name="AutomationTask" finished-at="2024-11-08T22:27:40 EET" duration-ms="7335">
      <class name="tests.CheckOutTest">
        <test-method is-config="true" signature="startDriver()[pri:0, instance:tests.CheckOutTest@358ee631]" started-at="2024-11-08T22:27:33 EET" name="startDriver" finished-at="2024-11-08T22:27:37 EET" duration-ms="4027" status="PASS">
          <reporter-output>
          </reporter-output>
        </test-method> <!-- startDriver -->
        <test-method is-config="true" signature="initJsonReader()[pri:0, instance:tests.CheckOutTest@358ee631]" started-at="2024-11-08T22:27:37 EET" name="initJsonReader" finished-at="2024-11-08T22:27:37 EET" duration-ms="5" status="PASS">
          <reporter-output>
          </reporter-output>
        </test-method> <!-- initJsonReader -->
        <test-method is-config="true" signature="login()[pri:0, instance:tests.CheckOutTest@358ee631]" started-at="2024-11-08T22:27:37 EET" name="login" finished-at="2024-11-08T22:27:38 EET" duration-ms="815" status="PASS">
          <reporter-output>
          </reporter-output>
        </test-method> <!-- login -->
        <test-method signature="verifyInvalidCheckOutInfo()[pri:0, instance:tests.CheckOutTest@358ee631]" started-at="2024-11-08T22:27:38 EET" name="verifyInvalidCheckOutInfo" finished-at="2024-11-08T22:27:39 EET" duration-ms="803" status="PASS">
          <reporter-output>
          </reporter-output>
        </test-method> <!-- verifyInvalidCheckOutInfo -->
        <test-method is-config="true" signature="login()[pri:0, instance:tests.CheckOutTest@358ee631]" started-at="2024-11-08T22:27:39 EET" name="login" finished-at="2024-11-08T22:27:39 EET" duration-ms="468" status="PASS">
          <reporter-output>
          </reporter-output>
        </test-method> <!-- login -->
        <test-method signature="verifyValidCheckOut()[pri:0, instance:tests.CheckOutTest@358ee631]" started-at="2024-11-08T22:27:39 EET" name="verifyValidCheckOut" finished-at="2024-11-08T22:27:40 EET" duration-ms="837" status="PASS">
          <reporter-output>
          </reporter-output>
        </test-method> <!-- verifyValidCheckOut -->
        <test-method is-config="true" signature="stopDriver()[pri:0, instance:tests.CheckOutTest@358ee631]" started-at="2024-11-08T22:27:40 EET" name="stopDriver" finished-at="2024-11-08T22:27:40 EET" duration-ms="240" status="PASS">
          <reporter-output>
          </reporter-output>
        </test-method> <!-- stopDriver -->
      </class> <!-- tests.CheckOutTest -->
    </test> <!-- AutomationTask -->
  </suite> <!-- Default Suite -->
</testng-results>
